0 verbose cli /usr/local/bin/node /usr/local/bin/npm
1 info using npm@10.8.2
2 info using node@v20.18.3
3 silly config load:file:/usr/local/lib/node_modules/npm/npmrc
4 silly config load:file:/data/.npmrc
5 silly config load:file:/root/.npmrc
6 silly config load:file:/usr/local/etc/npmrc
7 verbose title npm install lodash
8 verbose argv "install" "--omit" "dev" "--engine-strict" "lodash"
9 verbose logfile logs-max:10 dir:/data/.npm/_logs/2025-03-14T06_28_00_988Z-
10 verbose logfile /data/.npm/_logs/2025-03-14T06_28_00_988Z-debug-0.log
11 silly packumentCache heap:2197815296 maxSize:549453824 maxEntrySize:274726912
12 silly logfile done cleaning log files
13 silly idealTree buildDeps
14 silly fetch manifest lodash@*
15 silly packumentCache full:https://registry.npmjs.org/lodash cache-miss
16 http fetch GET 200 https://registry.npmjs.org/lodash 485ms (cache updated)
17 silly packumentCache full:https://registry.npmjs.org/lodash set size:undefined disposed:false
18 silly placeDep ROOT lodash@4.17.21 REPLACE for: node-red-project@0.0.1 want: *
19 silly reify moves {}
20 silly audit bulk request {
20 silly audit   '@influxdata/influxdb-client': [ '1.33.2' ],
20 silly audit   influx: [ '5.9.7' ],
20 silly audit   'node-red-contrib-influxdb': [ '0.7.0' ],
20 silly audit   'node-red-contrib-loadbalance': [ '0.6.0' ],
20 silly audit   'node-red-contrib-logger': [ '0.1.1' ],
20 silly audit   lodash: [ '4.17.21' ]
20 silly audit }
21 http fetch GET 200 https://registry.npmjs.org/npm 712ms
22 http fetch POST 200 https://registry.npmjs.org/-/npm/v1/security/advisories/bulk 307ms
23 silly audit report {}
24 verbose cwd /data
25 verbose os Linux 6.6.74+rpt-rpi-2712
26 verbose node v20.18.3
27 verbose npm  v10.8.2
28 notice
28 notice New major version of npm available! 10.8.2 -> 11.2.0
28 notice Changelog: https://github.com/npm/cli/releases/tag/v11.2.0
28 notice To update run: npm install -g npm@11.2.0
28 notice  { force: true, [Symbol(proc-log.meta)]: true }
29 verbose exit 0
30 info ok
