0 verbose cli /usr/local/bin/node /usr/local/bin/npm
1 info using npm@10.8.2
2 info using node@v20.18.3
3 silly config load:file:/usr/local/lib/node_modules/npm/npmrc
4 silly config load:file:/data/.npmrc
5 silly config load:file:/root/.npmrc
6 silly config load:file:/usr/local/etc/npmrc
7 verbose title npm install node-red-contrib-opentelemetry@1.6.3
8 verbose argv "install" "--no-audit" "--no-update-notifier" "--no-fund" "--save" "--save-prefix" "~" "--omit" "dev" "--engine-strict" "node-red-contrib-opentelemetry@1.6.3"
9 verbose logfile logs-max:10 dir:/data/.npm/_logs/2025-03-20T02_22_04_959Z-
10 verbose logfile /data/.npm/_logs/2025-03-20T02_22_04_959Z-debug-0.log
11 silly packumentCache heap:2197815296 maxSize:549453824 maxEntrySize:274726912
12 silly logfile done cleaning log files
13 silly idealTree buildDeps
14 silly fetch manifest node-red-contrib-opentelemetry@1.6.3
15 silly packumentCache full:https://registry.npmjs.org/node-red-contrib-opentelemetry cache-miss
16 http fetch GET 200 https://registry.npmjs.org/node-red-contrib-opentelemetry 1524ms (cache miss)
17 silly packumentCache full:https://registry.npmjs.org/node-red-contrib-opentelemetry set size:undefined disposed:false
18 silly placeDep ROOT node-red-contrib-opentelemetry@1.6.3 OK for: node-red-project@0.0.1 want: 1.6.3
19 silly fetch manifest @opentelemetry/api@^1.9.0
20 silly packumentCache full:https://registry.npmjs.org/@opentelemetry%2fapi cache-miss
21 silly fetch manifest @opentelemetry/core@^1.18.1
22 silly packumentCache full:https://registry.npmjs.org/@opentelemetry%2fcore cache-miss
23 silly fetch manifest @opentelemetry/exporter-prometheus@^0.57.1
24 silly packumentCache full:https://registry.npmjs.org/@opentelemetry%2fexporter-prometheus cache-miss
25 http fetch GET 200 https://registry.npmjs.org/@opentelemetry%2fcore 591ms (cache miss)
26 silly packumentCache full:https://registry.npmjs.org/@opentelemetry%2fcore set size:undefined disposed:false
27 silly fetch manifest @opentelemetry/exporter-trace-otlp-http@^0.57.1
28 silly packumentCache full:https://registry.npmjs.org/@opentelemetry%2fexporter-trace-otlp-http cache-miss
29 http fetch GET 200 https://registry.npmjs.org/@opentelemetry%2fapi 626ms (cache miss)
30 silly packumentCache full:https://registry.npmjs.org/@opentelemetry%2fapi set size:undefined disposed:false
31 silly fetch manifest @opentelemetry/exporter-trace-otlp-proto@^0.57.1
32 silly packumentCache full:https://registry.npmjs.org/@opentelemetry%2fexporter-trace-otlp-proto cache-miss
33 http fetch GET 200 https://registry.npmjs.org/@opentelemetry%2fexporter-trace-otlp-proto 574ms (cache miss)
34 silly packumentCache full:https://registry.npmjs.org/@opentelemetry%2fexporter-trace-otlp-proto set size:undefined disposed:false
35 silly fetch manifest @opentelemetry/propagator-b3@^1.30.1
36 silly packumentCache full:https://registry.npmjs.org/@opentelemetry%2fpropagator-b3 cache-miss
37 http fetch GET 200 https://registry.npmjs.org/@opentelemetry%2fpropagator-b3 461ms (cache miss)
38 silly packumentCache full:https://registry.npmjs.org/@opentelemetry%2fpropagator-b3 set size:undefined disposed:false
39 silly fetch manifest @opentelemetry/propagator-jaeger@^1.30.1
40 silly packumentCache full:https://registry.npmjs.org/@opentelemetry%2fpropagator-jaeger cache-miss
41 http fetch GET 200 https://registry.npmjs.org/@opentelemetry%2fexporter-trace-otlp-http 1439ms (cache miss)
42 silly packumentCache full:https://registry.npmjs.org/@opentelemetry%2fexporter-trace-otlp-http set size:undefined disposed:false
43 silly fetch manifest @opentelemetry/resources@^1.18.1
44 silly packumentCache full:https://registry.npmjs.org/@opentelemetry%2fresources cache-miss
45 http fetch GET 200 https://registry.npmjs.org/@opentelemetry%2fpropagator-jaeger 459ms (cache miss)
46 silly packumentCache full:https://registry.npmjs.org/@opentelemetry%2fpropagator-jaeger set size:undefined disposed:false
47 silly fetch manifest @opentelemetry/sdk-metrics@^1.30.0
48 silly packumentCache full:https://registry.npmjs.org/@opentelemetry%2fsdk-metrics cache-miss
49 http fetch GET 200 https://registry.npmjs.org/@opentelemetry%2fresources 196ms (cache miss)
50 silly packumentCache full:https://registry.npmjs.org/@opentelemetry%2fresources set size:undefined disposed:false
51 silly fetch manifest @opentelemetry/sdk-trace-base@^1.30.0
52 silly packumentCache full:https://registry.npmjs.org/@opentelemetry%2fsdk-trace-base cache-miss
53 http fetch GET 200 https://registry.npmjs.org/@opentelemetry%2fexporter-prometheus 2269ms (cache miss)
54 silly packumentCache full:https://registry.npmjs.org/@opentelemetry%2fexporter-prometheus set size:undefined disposed:false
55 silly fetch manifest @opentelemetry/semantic-conventions@^1.18.1
56 silly packumentCache full:https://registry.npmjs.org/@opentelemetry%2fsemantic-conventions cache-miss
57 http fetch GET 200 https://registry.npmjs.org/@opentelemetry%2fsdk-trace-base 168ms (cache miss)
58 silly packumentCache full:https://registry.npmjs.org/@opentelemetry%2fsdk-trace-base set size:undefined disposed:false
59 silly fetch manifest jmespath@^0.16.0
60 silly packumentCache full:https://registry.npmjs.org/jmespath cache-miss
61 http fetch GET 200 https://registry.npmjs.org/@opentelemetry%2fsemantic-conventions 166ms (cache miss)
62 silly packumentCache full:https://registry.npmjs.org/@opentelemetry%2fsemantic-conventions set size:undefined disposed:false
63 silly fetch manifest on-finished@^2.4.1
64 silly packumentCache full:https://registry.npmjs.org/on-finished cache-miss
65 http fetch GET 200 https://registry.npmjs.org/jmespath 126ms (cache miss)
66 silly packumentCache full:https://registry.npmjs.org/jmespath set size:undefined disposed:false
67 http fetch GET 200 https://registry.npmjs.org/@opentelemetry%2fsdk-metrics 433ms (cache miss)
68 silly packumentCache full:https://registry.npmjs.org/@opentelemetry%2fsdk-metrics set size:undefined disposed:false
69 http fetch GET 200 https://registry.npmjs.org/on-finished 132ms (cache miss)
70 silly packumentCache full:https://registry.npmjs.org/on-finished set size:undefined disposed:false
71 silly placeDep ROOT @opentelemetry/api@1.9.0 OK for: node-red-contrib-opentelemetry@1.6.3 want: ^1.9.0
72 silly placeDep ROOT @opentelemetry/core@1.30.1 OK for: node-red-contrib-opentelemetry@1.6.3 want: ^1.18.1
73 silly placeDep ROOT @opentelemetry/exporter-prometheus@0.57.2 OK for: node-red-contrib-opentelemetry@1.6.3 want: ^0.57.1
74 silly placeDep ROOT @opentelemetry/exporter-trace-otlp-http@0.57.2 OK for: node-red-contrib-opentelemetry@1.6.3 want: ^0.57.1
75 silly placeDep ROOT @opentelemetry/exporter-trace-otlp-proto@0.57.2 OK for: node-red-contrib-opentelemetry@1.6.3 want: ^0.57.1
76 silly placeDep ROOT @opentelemetry/propagator-b3@1.30.1 OK for: node-red-contrib-opentelemetry@1.6.3 want: ^1.30.1
77 silly placeDep ROOT @opentelemetry/propagator-jaeger@1.30.1 OK for: node-red-contrib-opentelemetry@1.6.3 want: ^1.30.1
78 silly placeDep ROOT @opentelemetry/resources@1.30.1 OK for: node-red-contrib-opentelemetry@1.6.3 want: ^1.18.1
79 silly placeDep ROOT @opentelemetry/sdk-metrics@1.30.1 OK for: node-red-contrib-opentelemetry@1.6.3 want: ^1.30.0
80 silly placeDep ROOT @opentelemetry/sdk-trace-base@1.30.1 OK for: node-red-contrib-opentelemetry@1.6.3 want: ^1.30.0
81 silly placeDep ROOT @opentelemetry/semantic-conventions@1.30.0 OK for: node-red-contrib-opentelemetry@1.6.3 want: ^1.18.1
82 silly placeDep ROOT jmespath@0.16.0 OK for: node-red-contrib-opentelemetry@1.6.3 want: ^0.16.0
83 silly placeDep ROOT on-finished@2.4.1 OK for: node-red-contrib-opentelemetry@1.6.3 want: ^2.4.1
84 silly fetch manifest @opentelemetry/semantic-conventions@1.28.0
85 silly packumentCache full:https://registry.npmjs.org/@opentelemetry%2fsemantic-conventions cache-miss
86 silly fetch manifest @opentelemetry/resources@1.30.1
87 silly packumentCache full:https://registry.npmjs.org/@opentelemetry%2fresources cache-miss
88 silly fetch manifest @opentelemetry/sdk-metrics@1.30.1
89 silly packumentCache full:https://registry.npmjs.org/@opentelemetry%2fsdk-metrics cache-miss
90 http fetch GET 200 https://registry.npmjs.org/@opentelemetry%2fsemantic-conventions 18ms (cache hit)
91 silly packumentCache full:https://registry.npmjs.org/@opentelemetry%2fsemantic-conventions set size:380518 disposed:false
92 silly fetch manifest @opentelemetry/resources@1.30.1
93 silly packumentCache full:https://registry.npmjs.org/@opentelemetry%2fresources cache-miss
94 http fetch GET 200 https://registry.npmjs.org/@opentelemetry%2fsdk-metrics 22ms (cache hit)
95 silly packumentCache full:https://registry.npmjs.org/@opentelemetry%2fsdk-metrics set size:143051 disposed:false
96 silly fetch manifest @opentelemetry/sdk-trace-base@1.30.1
97 silly packumentCache full:https://registry.npmjs.org/@opentelemetry%2fsdk-trace-base cache-miss
98 http fetch GET 200 https://registry.npmjs.org/@opentelemetry%2fresources 27ms (cache hit)
99 silly packumentCache full:https://registry.npmjs.org/@opentelemetry%2fresources set size:681811 disposed:false
100 silly fetch manifest @opentelemetry/otlp-transformer@0.57.2
101 silly packumentCache full:https://registry.npmjs.org/@opentelemetry%2fotlp-transformer cache-miss
102 http fetch GET 200 https://registry.npmjs.org/@opentelemetry%2fsdk-trace-base 13ms (cache hit)
103 silly packumentCache full:https://registry.npmjs.org/@opentelemetry%2fsdk-trace-base set size:283595 disposed:false
104 silly fetch manifest @opentelemetry/otlp-exporter-base@0.57.2
105 silly packumentCache full:https://registry.npmjs.org/@opentelemetry%2fotlp-exporter-base cache-miss
106 http fetch GET 200 https://registry.npmjs.org/@opentelemetry%2fresources 21ms (cache hit)
107 silly packumentCache full:https://registry.npmjs.org/@opentelemetry%2fresources set size:681811 disposed:false
108 silly packumentCache full:https://registry.npmjs.org/@opentelemetry%2fresources dispose
109 silly fetch manifest @opentelemetry/otlp-transformer@0.57.2
110 silly packumentCache full:https://registry.npmjs.org/@opentelemetry%2fotlp-transformer cache-miss
111 http fetch GET 200 https://registry.npmjs.org/@opentelemetry%2fotlp-transformer 146ms (cache miss)
112 silly packumentCache full:https://registry.npmjs.org/@opentelemetry%2fotlp-transformer set size:undefined disposed:false
113 silly fetch manifest @opentelemetry/otlp-exporter-base@0.57.2
114 silly packumentCache full:https://registry.npmjs.org/@opentelemetry%2fotlp-exporter-base cache-miss
115 http fetch GET 200 https://registry.npmjs.org/@opentelemetry%2fotlp-transformer 478ms (cache miss)
116 silly packumentCache full:https://registry.npmjs.org/@opentelemetry%2fotlp-transformer set size:undefined disposed:false
117 silly fetch manifest ee-first@1.1.1
118 silly packumentCache full:https://registry.npmjs.org/ee-first cache-miss
119 http fetch GET 200 https://registry.npmjs.org/ee-first 125ms (cache miss)
120 silly packumentCache full:https://registry.npmjs.org/ee-first set size:undefined disposed:false
121 http fetch GET 200 https://registry.npmjs.org/@opentelemetry%2fotlp-exporter-base 1509ms (cache miss)
122 silly packumentCache full:https://registry.npmjs.org/@opentelemetry%2fotlp-exporter-base set size:undefined disposed:false
123 http fetch GET 200 https://registry.npmjs.org/@opentelemetry%2fotlp-exporter-base 1794ms (cache miss)
124 silly packumentCache full:https://registry.npmjs.org/@opentelemetry%2fotlp-exporter-base set size:undefined disposed:false
125 silly placeDep node_modules/@opentelemetry/core @opentelemetry/semantic-conventions@1.28.0 OK for: @opentelemetry/core@1.30.1 want: 1.28.0
126 silly fetch manifest @opentelemetry/api@^1.3.0
127 silly packumentCache full:https://registry.npmjs.org/@opentelemetry%2fapi cache-miss
128 http fetch GET 200 https://registry.npmjs.org/@opentelemetry%2fapi 5ms (cache hit)
129 silly packumentCache full:https://registry.npmjs.org/@opentelemetry%2fapi set size:455622 disposed:false
130 silly placeDep ROOT @opentelemetry/otlp-exporter-base@0.57.2 OK for: @opentelemetry/exporter-trace-otlp-http@0.57.2 want: 0.57.2
131 silly placeDep ROOT @opentelemetry/otlp-transformer@0.57.2 OK for: @opentelemetry/exporter-trace-otlp-http@0.57.2 want: 0.57.2
132 silly fetch manifest protobufjs@^7.3.0
133 silly packumentCache full:https://registry.npmjs.org/protobufjs cache-miss
134 silly fetch manifest @opentelemetry/api-logs@0.57.2
135 silly packumentCache full:https://registry.npmjs.org/@opentelemetry%2fapi-logs cache-miss
136 silly fetch manifest @opentelemetry/sdk-logs@0.57.2
137 silly packumentCache full:https://registry.npmjs.org/@opentelemetry%2fsdk-logs cache-miss
138 http fetch GET 200 https://registry.npmjs.org/@opentelemetry%2fapi-logs 156ms (cache miss)
139 silly packumentCache full:https://registry.npmjs.org/@opentelemetry%2fapi-logs set size:undefined disposed:false
140 http fetch GET 200 https://registry.npmjs.org/protobufjs 174ms (cache miss)
141 silly packumentCache full:https://registry.npmjs.org/protobufjs set size:undefined disposed:false
142 http fetch GET 200 https://registry.npmjs.org/@opentelemetry%2fsdk-logs 388ms (cache miss)
143 silly packumentCache full:https://registry.npmjs.org/@opentelemetry%2fsdk-logs set size:undefined disposed:false
144 silly placeDep ROOT @opentelemetry/api-logs@0.57.2 OK for: @opentelemetry/otlp-transformer@0.57.2 want: 0.57.2
145 silly placeDep ROOT @opentelemetry/sdk-logs@0.57.2 OK for: @opentelemetry/otlp-transformer@0.57.2 want: 0.57.2
146 silly placeDep ROOT protobufjs@7.4.0 OK for: @opentelemetry/otlp-transformer@0.57.2 want: ^7.3.0
147 silly fetch manifest @protobufjs/aspromise@^1.1.2
148 silly packumentCache full:https://registry.npmjs.org/@protobufjs%2faspromise cache-miss
149 silly fetch manifest @protobufjs/base64@^1.1.2
150 silly packumentCache full:https://registry.npmjs.org/@protobufjs%2fbase64 cache-miss
151 silly fetch manifest @protobufjs/codegen@^2.0.4
152 silly packumentCache full:https://registry.npmjs.org/@protobufjs%2fcodegen cache-miss
153 http fetch GET 200 https://registry.npmjs.org/@protobufjs%2faspromise 146ms (cache miss)
154 silly packumentCache full:https://registry.npmjs.org/@protobufjs%2faspromise set size:undefined disposed:false
155 silly fetch manifest @protobufjs/eventemitter@^1.1.0
156 silly packumentCache full:https://registry.npmjs.org/@protobufjs%2feventemitter cache-miss
157 http fetch GET 200 https://registry.npmjs.org/@protobufjs%2fcodegen 149ms (cache miss)
158 silly packumentCache full:https://registry.npmjs.org/@protobufjs%2fcodegen set size:undefined disposed:false
159 silly fetch manifest @protobufjs/fetch@^1.1.0
160 silly packumentCache full:https://registry.npmjs.org/@protobufjs%2ffetch cache-miss
161 http fetch GET 200 https://registry.npmjs.org/@protobufjs%2ffetch 142ms (cache miss)
162 silly packumentCache full:https://registry.npmjs.org/@protobufjs%2ffetch set size:undefined disposed:false
163 silly fetch manifest @protobufjs/float@^1.0.2
164 silly packumentCache full:https://registry.npmjs.org/@protobufjs%2ffloat cache-miss
165 http fetch GET 200 https://registry.npmjs.org/@protobufjs%2fbase64 425ms (cache miss)
166 silly packumentCache full:https://registry.npmjs.org/@protobufjs%2fbase64 set size:undefined disposed:false
167 silly fetch manifest @protobufjs/inquire@^1.1.0
168 silly packumentCache full:https://registry.npmjs.org/@protobufjs%2finquire cache-miss
169 http fetch GET 200 https://registry.npmjs.org/@protobufjs%2ffloat 143ms (cache miss)
170 silly packumentCache full:https://registry.npmjs.org/@protobufjs%2ffloat set size:undefined disposed:false
171 silly fetch manifest @protobufjs/path@^1.1.2
172 silly packumentCache full:https://registry.npmjs.org/@protobufjs%2fpath cache-miss
173 http fetch GET 200 https://registry.npmjs.org/@protobufjs%2fpath 139ms (cache miss)
174 silly packumentCache full:https://registry.npmjs.org/@protobufjs%2fpath set size:undefined disposed:false
175 silly fetch manifest @protobufjs/pool@^1.1.0
176 silly packumentCache full:https://registry.npmjs.org/@protobufjs%2fpool cache-miss
177 http fetch GET 200 https://registry.npmjs.org/@protobufjs%2feventemitter 450ms (cache miss)
178 silly packumentCache full:https://registry.npmjs.org/@protobufjs%2feventemitter set size:undefined disposed:false
179 silly fetch manifest @protobufjs/utf8@^1.1.0
180 silly packumentCache full:https://registry.npmjs.org/@protobufjs%2futf8 cache-miss
181 http fetch GET 200 https://registry.npmjs.org/@protobufjs%2fpool 144ms (cache miss)
182 silly packumentCache full:https://registry.npmjs.org/@protobufjs%2fpool set size:undefined disposed:false
183 silly fetch manifest @types/node@>=13.7.0
184 silly packumentCache full:https://registry.npmjs.org/@types%2fnode cache-miss
185 http fetch GET 200 https://registry.npmjs.org/@protobufjs%2futf8 191ms (cache miss)
186 silly packumentCache full:https://registry.npmjs.org/@protobufjs%2futf8 set size:undefined disposed:false
187 silly fetch manifest long@^5.0.0
188 silly packumentCache full:https://registry.npmjs.org/long cache-miss
189 http fetch GET 200 https://registry.npmjs.org/@protobufjs%2finquire 416ms (cache miss)
190 silly packumentCache full:https://registry.npmjs.org/@protobufjs%2finquire set size:undefined disposed:false
191 http fetch GET 200 https://registry.npmjs.org/long 128ms (cache miss)
192 silly packumentCache full:https://registry.npmjs.org/long set size:undefined disposed:false
193 http fetch GET 200 https://registry.npmjs.org/@types%2fnode 533ms (cache miss)
194 silly packumentCache full:https://registry.npmjs.org/@types%2fnode set size:undefined disposed:false
195 silly placeDep node_modules/@opentelemetry/resources @opentelemetry/semantic-conventions@1.28.0 OK for: @opentelemetry/resources@1.30.1 want: 1.28.0
196 silly placeDep node_modules/@opentelemetry/sdk-trace-base @opentelemetry/semantic-conventions@1.28.0 OK for: @opentelemetry/sdk-trace-base@1.30.1 want: 1.28.0
197 silly placeDep ROOT ee-first@1.1.1 OK for: on-finished@2.4.1 want: 1.1.1
198 silly placeDep ROOT @protobufjs/aspromise@1.1.2 OK for: protobufjs@7.4.0 want: ^1.1.2
199 silly placeDep ROOT @protobufjs/base64@1.1.2 OK for: protobufjs@7.4.0 want: ^1.1.2
200 silly placeDep ROOT @protobufjs/codegen@2.0.4 OK for: protobufjs@7.4.0 want: ^2.0.4
201 silly placeDep ROOT @protobufjs/eventemitter@1.1.0 OK for: protobufjs@7.4.0 want: ^1.1.0
202 silly placeDep ROOT @protobufjs/fetch@1.1.0 OK for: protobufjs@7.4.0 want: ^1.1.0
203 silly placeDep ROOT @protobufjs/float@1.0.2 OK for: protobufjs@7.4.0 want: ^1.0.2
204 silly placeDep ROOT @protobufjs/inquire@1.1.0 OK for: protobufjs@7.4.0 want: ^1.1.0
205 silly placeDep ROOT @protobufjs/path@1.1.2 OK for: protobufjs@7.4.0 want: ^1.1.2
206 silly placeDep ROOT @protobufjs/pool@1.1.0 OK for: protobufjs@7.4.0 want: ^1.1.0
207 silly placeDep ROOT @protobufjs/utf8@1.1.0 OK for: protobufjs@7.4.0 want: ^1.1.0
208 silly placeDep ROOT @types/node@22.13.10 OK for: protobufjs@7.4.0 want: >=13.7.0
209 silly placeDep ROOT long@5.3.1 OK for: protobufjs@7.4.0 want: ^5.0.0
210 silly fetch manifest undici-types@~6.20.0
211 silly packumentCache full:https://registry.npmjs.org/undici-types cache-miss
212 http fetch GET 200 https://registry.npmjs.org/undici-types 433ms (cache miss)
213 silly packumentCache full:https://registry.npmjs.org/undici-types set size:undefined disposed:false
214 silly placeDep ROOT undici-types@6.20.0 OK for: @types/node@22.13.10 want: ~6.20.0
215 silly reify moves {}
216 silly tarball no local data for undici-types@https://registry.npmjs.org/undici-types/-/undici-types-6.20.0.tgz. Extracting by manifest.
217 silly tarball no local data for long@https://registry.npmjs.org/long/-/long-5.3.1.tgz. Extracting by manifest.
218 silly tarball no local data for @types/node@https://registry.npmjs.org/@types/node/-/node-22.13.10.tgz. Extracting by manifest.
219 silly tarball no local data for @protobufjs/utf8@https://registry.npmjs.org/@protobufjs/utf8/-/utf8-1.1.0.tgz. Extracting by manifest.
220 silly tarball no local data for @protobufjs/pool@https://registry.npmjs.org/@protobufjs/pool/-/pool-1.1.0.tgz. Extracting by manifest.
221 silly tarball no local data for @protobufjs/path@https://registry.npmjs.org/@protobufjs/path/-/path-1.1.2.tgz. Extracting by manifest.
222 silly tarball no local data for @protobufjs/inquire@https://registry.npmjs.org/@protobufjs/inquire/-/inquire-1.1.0.tgz. Extracting by manifest.
223 silly tarball no local data for @protobufjs/float@https://registry.npmjs.org/@protobufjs/float/-/float-1.0.2.tgz. Extracting by manifest.
224 silly tarball no local data for @protobufjs/fetch@https://registry.npmjs.org/@protobufjs/fetch/-/fetch-1.1.0.tgz. Extracting by manifest.
225 silly tarball no local data for @protobufjs/eventemitter@https://registry.npmjs.org/@protobufjs/eventemitter/-/eventemitter-1.1.0.tgz. Extracting by manifest.
226 silly tarball no local data for @protobufjs/codegen@https://registry.npmjs.org/@protobufjs/codegen/-/codegen-2.0.4.tgz. Extracting by manifest.
227 silly tarball no local data for @protobufjs/base64@https://registry.npmjs.org/@protobufjs/base64/-/base64-1.1.2.tgz. Extracting by manifest.
228 silly tarball no local data for @protobufjs/aspromise@https://registry.npmjs.org/@protobufjs/aspromise/-/aspromise-1.1.2.tgz. Extracting by manifest.
229 silly tarball no local data for ee-first@https://registry.npmjs.org/ee-first/-/ee-first-1.1.1.tgz. Extracting by manifest.
230 silly tarball no local data for protobufjs@https://registry.npmjs.org/protobufjs/-/protobufjs-7.4.0.tgz. Extracting by manifest.
231 silly tarball no local data for @opentelemetry/sdk-logs@https://registry.npmjs.org/@opentelemetry/sdk-logs/-/sdk-logs-0.57.2.tgz. Extracting by manifest.
232 silly tarball no local data for @opentelemetry/otlp-transformer@https://registry.npmjs.org/@opentelemetry/otlp-transformer/-/otlp-transformer-0.57.2.tgz. Extracting by manifest.
233 silly tarball no local data for @opentelemetry/otlp-exporter-base@https://registry.npmjs.org/@opentelemetry/otlp-exporter-base/-/otlp-exporter-base-0.57.2.tgz. Extracting by manifest.
234 silly tarball no local data for @opentelemetry/api-logs@https://registry.npmjs.org/@opentelemetry/api-logs/-/api-logs-0.57.2.tgz. Extracting by manifest.
235 silly tarball no local data for on-finished@https://registry.npmjs.org/on-finished/-/on-finished-2.4.1.tgz. Extracting by manifest.
236 silly tarball no local data for jmespath@https://registry.npmjs.org/jmespath/-/jmespath-0.16.0.tgz. Extracting by manifest.
237 silly tarball no local data for @opentelemetry/semantic-conventions@https://registry.npmjs.org/@opentelemetry/semantic-conventions/-/semantic-conventions-1.30.0.tgz. Extracting by manifest.
238 silly tarball no local data for @opentelemetry/sdk-trace-base@https://registry.npmjs.org/@opentelemetry/sdk-trace-base/-/sdk-trace-base-1.30.1.tgz. Extracting by manifest.
239 silly tarball no local data for @opentelemetry/sdk-metrics@https://registry.npmjs.org/@opentelemetry/sdk-metrics/-/sdk-metrics-1.30.1.tgz. Extracting by manifest.
240 silly tarball no local data for @opentelemetry/resources@https://registry.npmjs.org/@opentelemetry/resources/-/resources-1.30.1.tgz. Extracting by manifest.
241 silly tarball no local data for @opentelemetry/propagator-jaeger@https://registry.npmjs.org/@opentelemetry/propagator-jaeger/-/propagator-jaeger-1.30.1.tgz. Extracting by manifest.
242 silly tarball no local data for @opentelemetry/propagator-b3@https://registry.npmjs.org/@opentelemetry/propagator-b3/-/propagator-b3-1.30.1.tgz. Extracting by manifest.
243 silly tarball no local data for @opentelemetry/exporter-trace-otlp-proto@https://registry.npmjs.org/@opentelemetry/exporter-trace-otlp-proto/-/exporter-trace-otlp-proto-0.57.2.tgz. Extracting by manifest.
244 silly tarball no local data for @opentelemetry/exporter-trace-otlp-http@https://registry.npmjs.org/@opentelemetry/exporter-trace-otlp-http/-/exporter-trace-otlp-http-0.57.2.tgz. Extracting by manifest.
245 silly tarball no local data for @opentelemetry/exporter-prometheus@https://registry.npmjs.org/@opentelemetry/exporter-prometheus/-/exporter-prometheus-0.57.2.tgz. Extracting by manifest.
246 silly tarball no local data for @opentelemetry/core@https://registry.npmjs.org/@opentelemetry/core/-/core-1.30.1.tgz. Extracting by manifest.
247 silly tarball no local data for @opentelemetry/api@https://registry.npmjs.org/@opentelemetry/api/-/api-1.9.0.tgz. Extracting by manifest.
248 silly tarball no local data for node-red-contrib-opentelemetry@https://registry.npmjs.org/node-red-contrib-opentelemetry/-/node-red-contrib-opentelemetry-1.6.3.tgz. Extracting by manifest.
249 silly tarball no local data for @opentelemetry/semantic-conventions@https://registry.npmjs.org/@opentelemetry/semantic-conventions/-/semantic-conventions-1.28.0.tgz. Extracting by manifest.
250 silly tarball no local data for @opentelemetry/semantic-conventions@https://registry.npmjs.org/@opentelemetry/semantic-conventions/-/semantic-conventions-1.28.0.tgz. Extracting by manifest.
251 silly tarball no local data for @opentelemetry/semantic-conventions@https://registry.npmjs.org/@opentelemetry/semantic-conventions/-/semantic-conventions-1.28.0.tgz. Extracting by manifest.
252 http fetch GET 200 https://registry.npmjs.org/long/-/long-5.3.1.tgz 210ms (cache miss)
253 http fetch GET 200 https://registry.npmjs.org/undici-types/-/undici-types-6.20.0.tgz 254ms (cache miss)
254 http fetch GET 200 https://registry.npmjs.org/@types/node/-/node-22.13.10.tgz 344ms (cache miss)
255 http fetch GET 200 https://registry.npmjs.org/@opentelemetry/sdk-logs/-/sdk-logs-0.57.2.tgz 444ms (cache miss)
256 http fetch GET 200 https://registry.npmjs.org/@protobufjs/eventemitter/-/eventemitter-1.1.0.tgz 459ms (cache miss)
257 http fetch GET 200 https://registry.npmjs.org/@protobufjs/aspromise/-/aspromise-1.1.2.tgz 479ms (cache miss)
258 http fetch GET 200 https://registry.npmjs.org/@protobufjs/pool/-/pool-1.1.0.tgz 507ms (cache miss)
259 http fetch GET 200 https://registry.npmjs.org/@protobufjs/base64/-/base64-1.1.2.tgz 517ms (cache miss)
260 http fetch GET 200 https://registry.npmjs.org/@protobufjs/utf8/-/utf8-1.1.0.tgz 535ms (cache miss)
261 http fetch GET 200 https://registry.npmjs.org/ee-first/-/ee-first-1.1.1.tgz 535ms (cache miss)
262 http fetch GET 200 https://registry.npmjs.org/@protobufjs/path/-/path-1.1.2.tgz 560ms (cache miss)
263 http fetch GET 200 https://registry.npmjs.org/@protobufjs/codegen/-/codegen-2.0.4.tgz 561ms (cache miss)
264 http fetch GET 200 https://registry.npmjs.org/@protobufjs/float/-/float-1.0.2.tgz 574ms (cache miss)
265 http fetch GET 200 https://registry.npmjs.org/@protobufjs/inquire/-/inquire-1.1.0.tgz 593ms (cache miss)
266 http fetch GET 200 https://registry.npmjs.org/on-finished/-/on-finished-2.4.1.tgz 586ms (cache miss)
267 http fetch GET 200 https://registry.npmjs.org/jmespath/-/jmespath-0.16.0.tgz 594ms (cache miss)
268 http fetch GET 200 https://registry.npmjs.org/@opentelemetry/propagator-jaeger/-/propagator-jaeger-1.30.1.tgz 735ms (cache miss)
269 http fetch GET 200 https://registry.npmjs.org/@protobufjs/fetch/-/fetch-1.1.0.tgz 792ms (cache miss)
270 http fetch GET 200 https://registry.npmjs.org/@opentelemetry/exporter-prometheus/-/exporter-prometheus-0.57.2.tgz 772ms (cache miss)
271 http fetch GET 200 https://registry.npmjs.org/@opentelemetry/otlp-transformer/-/otlp-transformer-0.57.2.tgz 825ms (cache miss)
272 http fetch GET 200 https://registry.npmjs.org/@opentelemetry/exporter-trace-otlp-proto/-/exporter-trace-otlp-proto-0.57.2.tgz 821ms (cache miss)
273 http fetch GET 200 https://registry.npmjs.org/@opentelemetry/otlp-exporter-base/-/otlp-exporter-base-0.57.2.tgz 954ms (cache miss)
274 http fetch GET 200 https://registry.npmjs.org/@opentelemetry/propagator-b3/-/propagator-b3-1.30.1.tgz 1108ms (cache miss)
275 http fetch GET 200 https://registry.npmjs.org/protobufjs/-/protobufjs-7.4.0.tgz 1141ms (cache miss)
276 http fetch GET 200 https://registry.npmjs.org/@opentelemetry/api-logs/-/api-logs-0.57.2.tgz 1283ms (cache miss)
277 http fetch GET 200 https://registry.npmjs.org/@opentelemetry/exporter-trace-otlp-http/-/exporter-trace-otlp-http-0.57.2.tgz 1272ms (cache miss)
278 http fetch GET 200 https://registry.npmjs.org/@opentelemetry/resources/-/resources-1.30.1.tgz 1451ms (cache miss)
279 http fetch GET 200 https://registry.npmjs.org/node-red-contrib-opentelemetry/-/node-red-contrib-opentelemetry-1.6.3.tgz 1493ms (cache miss)
280 http fetch GET 200 https://registry.npmjs.org/@opentelemetry/sdk-trace-base/-/sdk-trace-base-1.30.1.tgz 1584ms (cache miss)
281 http fetch GET 200 https://registry.npmjs.org/@opentelemetry/semantic-conventions/-/semantic-conventions-1.28.0.tgz 1662ms (cache miss)
282 http fetch GET 200 https://registry.npmjs.org/@opentelemetry/semantic-conventions/-/semantic-conventions-1.30.0.tgz 1695ms (cache miss)
283 http fetch GET 200 https://registry.npmjs.org/@opentelemetry/sdk-metrics/-/sdk-metrics-1.30.1.tgz 1753ms (cache miss)
284 http fetch GET 200 https://registry.npmjs.org/@opentelemetry/core/-/core-1.30.1.tgz 1741ms (cache miss)
285 http fetch GET 200 https://registry.npmjs.org/@opentelemetry/semantic-conventions/-/semantic-conventions-1.28.0.tgz 1745ms (cache miss)
286 http fetch GET 200 https://registry.npmjs.org/@opentelemetry/api/-/api-1.9.0.tgz 1750ms (cache miss)
287 http fetch GET 200 https://registry.npmjs.org/@opentelemetry/semantic-conventions/-/semantic-conventions-1.28.0.tgz 1764ms (cache miss)
288 info run protobufjs@7.4.0 postinstall node_modules/protobufjs node scripts/postinstall
289 info run protobufjs@7.4.0 postinstall { code: 0, signal: null }
290 silly ADD node_modules/undici-types
291 silly ADD node_modules/long
292 silly ADD node_modules/@types/node
293 silly ADD node_modules/@protobufjs/utf8
294 silly ADD node_modules/@protobufjs/pool
295 silly ADD node_modules/@protobufjs/path
296 silly ADD node_modules/@protobufjs/inquire
297 silly ADD node_modules/@protobufjs/float
298 silly ADD node_modules/@protobufjs/fetch
299 silly ADD node_modules/@protobufjs/eventemitter
300 silly ADD node_modules/@protobufjs/codegen
301 silly ADD node_modules/@protobufjs/base64
302 silly ADD node_modules/@protobufjs/aspromise
303 silly ADD node_modules/ee-first
304 silly ADD node_modules/protobufjs
305 silly ADD node_modules/@opentelemetry/sdk-logs
306 silly ADD node_modules/@opentelemetry/api-logs
307 silly ADD node_modules/@opentelemetry/otlp-transformer
308 silly ADD node_modules/@opentelemetry/otlp-exporter-base
309 silly ADD node_modules/on-finished
310 silly ADD node_modules/jmespath
311 silly ADD node_modules/@opentelemetry/semantic-conventions
312 silly ADD node_modules/@opentelemetry/sdk-trace-base
313 silly ADD node_modules/@opentelemetry/sdk-trace-base/node_modules/@opentelemetry/semantic-conventions
314 silly ADD node_modules/@opentelemetry/sdk-metrics
315 silly ADD node_modules/@opentelemetry/resources
316 silly ADD node_modules/@opentelemetry/resources/node_modules/@opentelemetry/semantic-conventions
317 silly ADD node_modules/@opentelemetry/propagator-jaeger
318 silly ADD node_modules/@opentelemetry/propagator-b3
319 silly ADD node_modules/@opentelemetry/exporter-trace-otlp-proto
320 silly ADD node_modules/@opentelemetry/exporter-trace-otlp-http
321 silly ADD node_modules/@opentelemetry/exporter-prometheus
322 silly ADD node_modules/@opentelemetry/core
323 silly ADD node_modules/@opentelemetry/core/node_modules/@opentelemetry/semantic-conventions
324 silly ADD node_modules/@opentelemetry/api
325 silly ADD node_modules/node-red-contrib-opentelemetry
326 verbose cwd /data
327 verbose os Linux 6.6.74+rpt-rpi-2712
328 verbose node v20.18.3
329 verbose npm  v10.8.2
330 verbose exit 0
331 info ok
