0 verbose cli /usr/local/bin/node /usr/local/bin/npm
1 info using npm@10.8.2
2 info using node@v20.18.3
3 silly config load:file:/usr/local/lib/node_modules/npm/npmrc
4 silly config load:file:/data/.npmrc
5 silly config load:file:/root/.npmrc
6 silly config load:file:/usr/local/etc/npmrc
7 verbose title npm install moment
8 verbose argv "install" "--omit" "dev" "--engine-strict" "moment"
9 verbose logfile logs-max:10 dir:/data/.npm/_logs/2025-03-14T07_01_14_289Z-
10 verbose logfile /data/.npm/_logs/2025-03-14T07_01_14_289Z-debug-0.log
11 silly packumentCache heap:2197815296 maxSize:549453824 maxEntrySize:274726912
12 silly logfile done cleaning log files
13 silly idealTree buildDeps
14 silly fetch manifest moment@*
15 silly packumentCache full:https://registry.npmjs.org/moment cache-miss
16 http fetch GET 200 https://registry.npmjs.org/moment 425ms (cache miss)
17 silly packumentCache full:https://registry.npmjs.org/moment set size:undefined disposed:false
18 silly placeDep ROOT moment@2.30.1 OK for: node-red-project@0.0.1 want: *
19 silly reify moves {}
20 silly audit bulk request {
20 silly audit   '@influxdata/influxdb-client': [ '1.33.2' ],
20 silly audit   influx: [ '5.9.7' ],
20 silly audit   lodash: [ '4.17.21' ],
20 silly audit   'node-red-contrib-influxdb': [ '0.7.0' ],
20 silly audit   'node-red-contrib-loadbalance': [ '0.6.0' ],
20 silly audit   'node-red-contrib-logger': [ '0.1.1' ],
20 silly audit   moment: [ '2.30.1' ]
20 silly audit }
21 silly tarball no local data for moment@https://registry.npmjs.org/moment/-/moment-2.30.1.tgz. Extracting by manifest.
22 http fetch POST 200 https://registry.npmjs.org/-/npm/v1/security/advisories/bulk 265ms
23 silly audit report {}
24 http fetch GET 200 https://registry.npmjs.org/moment/-/moment-2.30.1.tgz 674ms (cache miss)
25 silly ADD node_modules/moment
26 verbose cwd /data
27 verbose os Linux 6.6.74+rpt-rpi-2712
28 verbose node v20.18.3
29 verbose npm  v10.8.2
30 verbose exit 0
31 info ok
