0 verbose cli /usr/local/bin/node /usr/local/bin/npm
1 info using npm@10.8.2
2 info using node@v20.18.3
3 silly config load:file:/usr/local/lib/node_modules/npm/npmrc
4 silly config load:file:/data/.npmrc
5 silly config load:file:/root/.npmrc
6 silly config load:file:/usr/local/etc/npmrc
7 verbose title npm install node-red-contrib-loadbalance@0.6.0
8 verbose argv "install" "--no-audit" "--no-update-notifier" "--no-fund" "--save" "--save-prefix" "~" "--omit" "dev" "--engine-strict" "node-red-contrib-loadbalance@0.6.0"
9 verbose logfile logs-max:10 dir:/data/.npm/_logs/2025-03-14T05_46_52_398Z-
10 verbose logfile /data/.npm/_logs/2025-03-14T05_46_52_398Z-debug-0.log
11 silly packumentCache heap:2197815296 maxSize:549453824 maxEntrySize:274726912
12 silly logfile done cleaning log files
13 silly idealTree buildDeps
14 silly fetch manifest node-red-contrib-loadbalance@0.6.0
15 silly packumentCache full:https://registry.npmjs.org/node-red-contrib-loadbalance cache-miss
16 http fetch GET 200 https://registry.npmjs.org/node-red-contrib-loadbalance 1050ms (cache miss)
17 silly packumentCache full:https://registry.npmjs.org/node-red-contrib-loadbalance set size:undefined disposed:false
18 silly placeDep ROOT node-red-contrib-loadbalance@0.6.0 OK for: node-red-project@0.0.1 want: 0.6.0
19 silly fetch manifest node-red-contrib-logger@*
20 silly packumentCache full:https://registry.npmjs.org/node-red-contrib-logger cache-miss
21 http fetch GET 200 https://registry.npmjs.org/node-red-contrib-logger 318ms (cache miss)
22 silly packumentCache full:https://registry.npmjs.org/node-red-contrib-logger set size:undefined disposed:false
23 silly placeDep ROOT node-red-contrib-logger@0.1.1 OK for: node-red-contrib-loadbalance@0.6.0 want: *
24 silly fetch manifest node-red-contrib-logger@file:
25 silly placeDep ROOT node-red-contrib-logger@0.1.1 REPLACE for: node-red-contrib-logger@0.1.1 want: file:
26 silly timing Tried to end timer that doesn't exist: idealTree:#root
27 silly reify moves {}
28 silly tarball no local data for node-red-contrib-logger@https://registry.npmjs.org/node-red-contrib-logger/-/node-red-contrib-logger-0.1.1.tgz. Extracting by manifest.
29 silly tarball no local data for node-red-contrib-loadbalance@https://registry.npmjs.org/node-red-contrib-loadbalance/-/node-red-contrib-loadbalance-0.6.0.tgz. Extracting by manifest.
30 http fetch GET 200 https://registry.npmjs.org/node-red-contrib-logger/-/node-red-contrib-logger-0.1.1.tgz 230ms (cache miss)
31 http fetch GET 200 https://registry.npmjs.org/node-red-contrib-loadbalance/-/node-red-contrib-loadbalance-0.6.0.tgz 535ms (cache miss)
32 silly ADD node_modules/node-red-contrib-logger
33 silly ADD node_modules/node-red-contrib-logger/node_modules/node-red-contrib-logger
34 silly ADD node_modules/node-red-contrib-loadbalance
35 verbose cwd /data
36 verbose os Linux 6.6.74+rpt-rpi-2712
37 verbose node v20.18.3
38 verbose npm  v10.8.2
39 verbose exit 0
40 info ok
